# JRE version: Java(TM) SE Runtime Environment (8.0_191-b12) (build 1.8.0_191-b12)
# Java VM: Java HotSpot(TM) 64-Bit Server VM (25.191-b12 mixed mode windows-amd64 compressed oops)
Heap:
 PSYoungGen      total 838144K, used 388096K [0x000000076af00000, 0x00000007bb500000, 0x00000007c0000000)
  eden space 388096K, 100% used [0x000000076af00000,0x0000000782a00000,0x0000000782a00000)
  from space 450048K, 0% used [0x000000079fd80000,0x000000079fd80000,0x00000007bb500000)
  to   space 464384K, 0% used [0x0000000782a00000,0x0000000782a00000,0x000000079ef80000)
 ParOldGen       total 2788352K, used 2788114K [0x00000006c0c00000, 0x000000076af00000, 0x000000076af00000)
  object space 2788352K, 99% used [0x00000006c0c00000,0x000000076aec4870,0x000000076af00000)
 Metaspace       used 22398K, capacity 23346K, committed 23552K, reserved 1069056K
  class space    used 3027K, capacity 3254K, committed 3328K, reserved 1048576K
GC Heap History (10 events):
Event: 31.086 GC heap after
Heap after GC invocations=26 (full 8):
 PSYoungGen      total 838144K, used 254336K [0x000000076af00000, 0x00000007bb500000, 0x00000007c0000000)
  eden space 388096K, 0% used [0x000000076af00000,0x000000076af00000,0x0000000782a00000)
  from space 450048K, 56% used [0x000000079fd80000,0x00000007af5e0000,0x00000007bb500000)
  to   space 464384K, 0% used [0x0000000782a00000,0x0000000782a00000,0x000000079ef80000)
 ParOldGen       total 2788352K, used 2436007K [0x00000006c0c00000, 0x000000076af00000, 0x000000076af00000)
  object space 2788352K, 87% used [0x00000006c0c00000,0x00000007556e9d50,0x000000076af00000)
 Metaspace       used 22398K, capacity 23346K, committed 23552K, reserved 1069056K
  class space    used 3027K, capacity 3254K, committed 3328K, reserved 1048576K
}
Event: 31.086 GC heap before
{Heap before GC invocations=27 (full 9):
 PSYoungGen      total 838144K, used 254336K [0x000000076af00000, 0x00000007bb500000, 0x00000007c0000000)
  eden space 388096K, 0% used [0x000000076af00000,0x000000076af00000,0x0000000782a00000)
  from space 450048K, 56% used [0x000000079fd80000,0x00000007af5e0000,0x00000007bb500000)
  to   space 464384K, 0% used [0x0000000782a00000,0x0000000782a00000,0x000000079ef80000)
 ParOldGen       total 2788352K, used 2436007K [0x00000006c0c00000, 0x000000076af00000, 0x000000076af00000)
  object space 2788352K, 87% used [0x00000006c0c00000,0x00000007556e9d50,0x000000076af00000)
 Metaspace       used 22398K, capacity 23346K, committed 23552K, reserved 1069056K
  class space    used 3027K, capacity 3254K, committed 3328K, reserved 1048576K
Event: 35.130 GC heap after
Heap after GC invocations=27 (full 9):
 PSYoungGen      total 838144K, used 0K [0x000000076af00000, 0x00000007bb500000, 0x00000007c0000000)
  eden space 388096K, 0% used [0x000000076af00000,0x000000076af00000,0x0000000782a00000)
  from space 450048K, 0% used [0x000000079fd80000,0x000000079fd80000,0x00000007bb500000)
  to   space 464384K, 0% used [0x0000000782a00000,0x0000000782a00000,0x000000079ef80000)
 ParOldGen       total 2788352K, used 2687478K [0x00000006c0c00000, 0x000000076af00000, 0x000000076af00000)
  object space 2788352K, 96% used [0x00000006c0c00000,0x0000000764c7d918,0x000000076af00000)
 Metaspace       used 22398K, capacity 23346K, committed 23552K, reserved 1069056K
  class space    used 3027K, capacity 3254K, committed 3328K, reserved 1048576K
}
Event: 35.199 GC heap before
{Heap before GC invocations=28 (full 10):
 PSYoungGen      total 838144K, used 388096K [0x000000076af00000, 0x00000007bb500000, 0x00000007c0000000)
  eden space 388096K, 100% used [0x000000076af00000,0x0000000782a00000,0x0000000782a00000)
  from space 450048K, 0% used [0x000000079fd80000,0x000000079fd80000,0x00000007bb500000)
  to   space 464384K, 0% used [0x0000000782a00000,0x0000000782a00000,0x000000079ef80000)
 ParOldGen       total 2788352K, used 2687478K [0x00000006c0c00000, 0x000000076af00000, 0x000000076af00000)
  object space 2788352K, 96% used [0x00000006c0c00000,0x0000000764c7d918,0x000000076af00000)
 Metaspace       used 22398K, capacity 23346K, committed 23552K, reserved 1069056K
  class space    used 3027K, capacity 3254K, committed 3328K, reserved 1048576K
Event: 39.174 GC heap after
Heap after GC invocations=28 (full 10):
 PSYoungGen      total 838144K, used 206335K [0x000000076af00000, 0x00000007bb500000, 0x00000007c0000000)
  eden space 388096K, 53% used [0x000000076af00000,0x000000077787fc80,0x0000000782a00000)
  from space 450048K, 0% used [0x000000079fd80000,0x000000079fd80000,0x00000007bb500000)
  to   space 464384K, 0% used [0x0000000782a00000,0x0000000782a00000,0x000000079ef80000)
 ParOldGen       total 2788352K, used 2788114K [0x00000006c0c00000, 0x000000076af00000, 0x000000076af00000)
  object space 2788352K, 99% used [0x00000006c0c00000,0x000000076aec4870,0x000000076af00000)
 Metaspace       used 22398K, capacity 23346K, committed 23552K, reserved 1069056K
  class space    used 3027K, capacity 3254K, committed 3328K, reserved 1048576K
}
Event: 39.209 GC heap before
{Heap before GC invocations=29 (full 11):
 PSYoungGen      total 838144K, used 388096K [0x000000076af00000, 0x00000007bb500000, 0x00000007c0000000)
  eden space 388096K, 100% used [0x000000076af00000,0x0000000782a00000,0x0000000782a00000)
  from space 450048K, 0% used [0x000000079fd80000,0x000000079fd80000,0x00000007bb500000)
  to   space 464384K, 0% used [0x0000000782a00000,0x0000000782a00000,0x000000079ef80000)
 ParOldGen       total 2788352K, used 2788114K [0x00000006c0c00000, 0x000000076af00000, 0x000000076af00000)
  object space 2788352K, 99% used [0x00000006c0c00000,0x000000076aec4870,0x000000076af00000)
 Metaspace       used 22398K, capacity 23346K, committed 23552K, reserved 1069056K
  class space    used 3027K, capacity 3254K, committed 3328K, reserved 1048576K
Event: 43.353 GC heap after
Heap after GC invocations=29 (full 11):
 PSYoungGen      total 838144K, used 388094K [0x000000076af00000, 0x00000007bb500000, 0x00000007c0000000)
  eden space 388096K, 99% used [0x000000076af00000,0x00000007829ff900,0x0000000782a00000)
  from space 450048K, 0% used [0x000000079fd80000,0x000000079fd80000,0x00000007bb500000)
  to   space 464384K, 0% used [0x0000000782a00000,0x0000000782a00000,0x000000079ef80000)
 ParOldGen       total 2788352K, used 2788114K [0x00000006c0c00000, 0x000000076af00000, 0x000000076af00000)
  object space 2788352K, 99% used [0x00000006c0c00000,0x000000076aec4870,0x000000076af00000)
 Metaspace       used 22398K, capacity 23346K, committed 23552K, reserved 1069056K
  class space    used 3027K, capacity 3254K, committed 3328K, reserved 1048576K
}
Event: 43.353 GC heap before
{Heap before GC invocations=30 (full 12):
 PSYoungGen      total 838144K, used 388096K [0x000000076af00000, 0x00000007bb500000, 0x00000007c0000000)
  eden space 388096K, 100% used [0x000000076af00000,0x0000000782a00000,0x0000000782a00000)
  from space 450048K, 0% used [0x000000079fd80000,0x000000079fd80000,0x00000007bb500000)
  to   space 464384K, 0% used [0x0000000782a00000,0x0000000782a00000,0x000000079ef80000)
 ParOldGen       total 2788352K, used 2788114K [0x00000006c0c00000, 0x000000076af00000, 0x000000076af00000)
  object space 2788352K, 99% used [0x00000006c0c00000,0x000000076aec4870,0x000000076af00000)
 Metaspace       used 22398K, capacity 23346K, committed 23552K, reserved 1069056K
  class space    used 3027K, capacity 3254K, committed 3328K, reserved 1048576K
Event: 47.541 GC heap after
Heap after GC invocations=30 (full 12):
 PSYoungGen      total 838144K, used 388095K [0x000000076af00000, 0x00000007bb500000, 0x00000007c0000000)
  eden space 388096K, 99% used [0x000000076af00000,0x00000007829fffe8,0x0000000782a00000)
  from space 450048K, 0% used [0x000000079fd80000,0x000000079fd80000,0x00000007bb500000)
  to   space 464384K, 0% used [0x0000000782a00000,0x0000000782a00000,0x000000079ef80000)
 ParOldGen       total 2788352K, used 2788114K [0x00000006c0c00000, 0x000000076af00000, 0x000000076af00000)
  object space 2788352K, 99% used [0x00000006c0c00000,0x000000076aec4870,0x000000076af00000)
 Metaspace       used 22398K, capacity 23346K, committed 23552K, reserved 1069056K
  class space    used 3027K, capacity 3254K, committed 3328K, reserved 1048576K
}
Event: 47.541 GC heap before
{Heap before GC invocations=31 (full 13):
 PSYoungGen      total 838144K, used 388096K [0x000000076af00000, 0x00000007bb500000, 0x00000007c0000000)
  eden space 388096K, 100% used [0x000000076af00000,0x0000000782a00000,0x0000000782a00000)
  from space 450048K, 0% used [0x000000079fd80000,0x000000079fd80000,0x00000007bb500000)
  to   space 464384K, 0% used [0x0000000782a00000,0x0000000782a00000,0x000000079ef80000)
 ParOldGen       total 2788352K, used 2788114K [0x00000006c0c00000, 0x000000076af00000, 0x000000076af00000)
  object space 2788352K, 99% used [0x00000006c0c00000,0x000000076aec4870,0x000000076af00000)
 Metaspace       used 22398K, capacity 23346K, committed 23552K, reserved 1069056K
  class space    used 3027K, capacity 3254K, committed 3328K, reserved 1048576K

