# JRE version: Java(TM) SE Runtime Environment (8.0_191-b12) (build 1.8.0_191-b12)
# Java VM: Java HotSpot(TM) 64-Bit Server VM (25.191-b12 mixed mode windows-amd64 compressed oops)
Heap:
 PSYoungGen      total 864768K, used 466318K [0x000000076af00000, 0x00000007c0000000, 0x00000007c0000000)
  eden space 400384K, 100% used [0x000000076af00000,0x0000000783600000,0x0000000783600000)
  from space 464384K, 14% used [0x0000000783600000,0x0000000787663888,0x000000079fb80000)
  to   space 464384K, 0% used [0x00000007a3a80000,0x00000007a3a80000,0x00000007c0000000)
 ParOldGen       total 2788352K, used 2787883K [0x00000006c0c00000, 0x000000076af00000, 0x000000076af00000)
  object space 2788352K, 99% used [0x00000006c0c00000,0x000000076ae8afe0,0x000000076af00000)
 Metaspace       used 22242K, capacity 23110K, committed 23296K, reserved 1069056K
  class space    used 3022K, capacity 3222K, committed 3328K, reserved 1048576K
GC Heap History (10 events):
Event: 47.293 GC heap after
Heap after GC invocations=31 (full 14):
 PSYoungGen      total 864768K, used 466318K [0x000000076af00000, 0x00000007c0000000, 0x00000007c0000000)
  eden space 400384K, 100% used [0x000000076af00000,0x0000000783600000,0x0000000783600000)
  from space 464384K, 14% used [0x0000000783600000,0x0000000787663888,0x000000079fb80000)
  to   space 464384K, 0% used [0x00000007a3a80000,0x00000007a3a80000,0x00000007c0000000)
 ParOldGen       total 2788352K, used 2787863K [0x00000006c0c00000, 0x000000076af00000, 0x000000076af00000)
  object space 2788352K, 99% used [0x00000006c0c00000,0x000000076ae85fe0,0x000000076af00000)
 Metaspace       used 22242K, capacity 23110K, committed 23296K, reserved 1069056K
  class space    used 3022K, capacity 3222K, committed 3328K, reserved 1048576K
}
Event: 47.293 GC heap before
{Heap before GC invocations=32 (full 15):
 PSYoungGen      total 864768K, used 466318K [0x000000076af00000, 0x00000007c0000000, 0x00000007c0000000)
  eden space 400384K, 100% used [0x000000076af00000,0x0000000783600000,0x0000000783600000)
  from space 464384K, 14% used [0x0000000783600000,0x0000000787663888,0x000000079fb80000)
  to   space 464384K, 0% used [0x00000007a3a80000,0x00000007a3a80000,0x00000007c0000000)
 ParOldGen       total 2788352K, used 2787867K [0x00000006c0c00000, 0x000000076af00000, 0x000000076af00000)
  object space 2788352K, 99% used [0x00000006c0c00000,0x000000076ae86fe0,0x000000076af00000)
 Metaspace       used 22242K, capacity 23110K, committed 23296K, reserved 1069056K
  class space    used 3022K, capacity 3222K, committed 3328K, reserved 1048576K
Event: 51.562 GC heap after
Heap after GC invocations=32 (full 15):
 PSYoungGen      total 864768K, used 466318K [0x000000076af00000, 0x00000007c0000000, 0x00000007c0000000)
  eden space 400384K, 100% used [0x000000076af00000,0x0000000783600000,0x0000000783600000)
  from space 464384K, 14% used [0x0000000783600000,0x0000000787663888,0x000000079fb80000)
  to   space 464384K, 0% used [0x00000007a3a80000,0x00000007a3a80000,0x00000007c0000000)
 ParOldGen       total 2788352K, used 2787867K [0x00000006c0c00000, 0x000000076af00000, 0x000000076af00000)
  object space 2788352K, 99% used [0x00000006c0c00000,0x000000076ae86fe0,0x000000076af00000)
 Metaspace       used 22242K, capacity 23110K, committed 23296K, reserved 1069056K
  class space    used 3022K, capacity 3222K, committed 3328K, reserved 1048576K
}
Event: 51.563 GC heap before
{Heap before GC invocations=33 (full 16):
 PSYoungGen      total 864768K, used 466318K [0x000000076af00000, 0x00000007c0000000, 0x00000007c0000000)
  eden space 400384K, 100% used [0x000000076af00000,0x0000000783600000,0x0000000783600000)
  from space 464384K, 14% used [0x0000000783600000,0x0000000787663888,0x000000079fb80000)
  to   space 464384K, 0% used [0x00000007a3a80000,0x00000007a3a80000,0x00000007c0000000)
 ParOldGen       total 2788352K, used 2787871K [0x00000006c0c00000, 0x000000076af00000, 0x000000076af00000)
  object space 2788352K, 99% used [0x00000006c0c00000,0x000000076ae87fe0,0x000000076af00000)
 Metaspace       used 22242K, capacity 23110K, committed 23296K, reserved 1069056K
  class space    used 3022K, capacity 3222K, committed 3328K, reserved 1048576K
Event: 55.837 GC heap after
Heap after GC invocations=33 (full 16):
 PSYoungGen      total 864768K, used 466318K [0x000000076af00000, 0x00000007c0000000, 0x00000007c0000000)
  eden space 400384K, 100% used [0x000000076af00000,0x0000000783600000,0x0000000783600000)
  from space 464384K, 14% used [0x0000000783600000,0x0000000787663888,0x000000079fb80000)
  to   space 464384K, 0% used [0x00000007a3a80000,0x00000007a3a80000,0x00000007c0000000)
 ParOldGen       total 2788352K, used 2787871K [0x00000006c0c00000, 0x000000076af00000, 0x000000076af00000)
  object space 2788352K, 99% used [0x00000006c0c00000,0x000000076ae87fe0,0x000000076af00000)
 Metaspace       used 22242K, capacity 23110K, committed 23296K, reserved 1069056K
  class space    used 3022K, capacity 3222K, committed 3328K, reserved 1048576K
}
Event: 55.837 GC heap before
{Heap before GC invocations=34 (full 17):
 PSYoungGen      total 864768K, used 466318K [0x000000076af00000, 0x00000007c0000000, 0x00000007c0000000)
  eden space 400384K, 100% used [0x000000076af00000,0x0000000783600000,0x0000000783600000)
  from space 464384K, 14% used [0x0000000783600000,0x0000000787663888,0x000000079fb80000)
  to   space 464384K, 0% used [0x00000007a3a80000,0x00000007a3a80000,0x00000007c0000000)
 ParOldGen       total 2788352K, used 2787875K [0x00000006c0c00000, 0x000000076af00000, 0x000000076af00000)
  object space 2788352K, 99% used [0x00000006c0c00000,0x000000076ae88fe0,0x000000076af00000)
 Metaspace       used 22242K, capacity 23110K, committed 23296K, reserved 1069056K
  class space    used 3022K, capacity 3222K, committed 3328K, reserved 1048576K
Event: 60.138 GC heap after
Heap after GC invocations=34 (full 17):
 PSYoungGen      total 864768K, used 466318K [0x000000076af00000, 0x00000007c0000000, 0x00000007c0000000)
  eden space 400384K, 100% used [0x000000076af00000,0x0000000783600000,0x0000000783600000)
  from space 464384K, 14% used [0x0000000783600000,0x0000000787663888,0x000000079fb80000)
  to   space 464384K, 0% used [0x00000007a3a80000,0x00000007a3a80000,0x00000007c0000000)
 ParOldGen       total 2788352K, used 2787875K [0x00000006c0c00000, 0x000000076af00000, 0x000000076af00000)
  object space 2788352K, 99% used [0x00000006c0c00000,0x000000076ae88fe0,0x000000076af00000)
 Metaspace       used 22242K, capacity 23110K, committed 23296K, reserved 1069056K
  class space    used 3022K, capacity 3222K, committed 3328K, reserved 1048576K
}
Event: 60.138 GC heap before
{Heap before GC invocations=35 (full 18):
 PSYoungGen      total 864768K, used 466318K [0x000000076af00000, 0x00000007c0000000, 0x00000007c0000000)
  eden space 400384K, 100% used [0x000000076af00000,0x0000000783600000,0x0000000783600000)
  from space 464384K, 14% used [0x0000000783600000,0x0000000787663888,0x000000079fb80000)
  to   space 464384K, 0% used [0x00000007a3a80000,0x00000007a3a80000,0x00000007c0000000)
 ParOldGen       total 2788352K, used 2787879K [0x00000006c0c00000, 0x000000076af00000, 0x000000076af00000)
  object space 2788352K, 99% used [0x00000006c0c00000,0x000000076ae89fe0,0x000000076af00000)
 Metaspace       used 22242K, capacity 23110K, committed 23296K, reserved 1069056K
  class space    used 3022K, capacity 3222K, committed 3328K, reserved 1048576K
Event: 64.442 GC heap after
Heap after GC invocations=35 (full 18):
 PSYoungGen      total 864768K, used 466318K [0x000000076af00000, 0x00000007c0000000, 0x00000007c0000000)
  eden space 400384K, 100% used [0x000000076af00000,0x0000000783600000,0x0000000783600000)
  from space 464384K, 14% used [0x0000000783600000,0x0000000787663888,0x000000079fb80000)
  to   space 464384K, 0% used [0x00000007a3a80000,0x00000007a3a80000,0x00000007c0000000)
 ParOldGen       total 2788352K, used 2787879K [0x00000006c0c00000, 0x000000076af00000, 0x000000076af00000)
  object space 2788352K, 99% used [0x00000006c0c00000,0x000000076ae89fe0,0x000000076af00000)
 Metaspace       used 22242K, capacity 23110K, committed 23296K, reserved 1069056K
  class space    used 3022K, capacity 3222K, committed 3328K, reserved 1048576K
}
Event: 64.442 GC heap before
{Heap before GC invocations=36 (full 19):
 PSYoungGen      total 864768K, used 466318K [0x000000076af00000, 0x00000007c0000000, 0x00000007c0000000)
  eden space 400384K, 100% used [0x000000076af00000,0x0000000783600000,0x0000000783600000)
  from space 464384K, 14% used [0x0000000783600000,0x0000000787663888,0x000000079fb80000)
  to   space 464384K, 0% used [0x00000007a3a80000,0x00000007a3a80000,0x00000007c0000000)
 ParOldGen       total 2788352K, used 2787883K [0x00000006c0c00000, 0x000000076af00000, 0x000000076af00000)
  object space 2788352K, 99% used [0x00000006c0c00000,0x000000076ae8afe0,0x000000076af00000)
 Metaspace       used 22242K, capacity 23110K, committed 23296K, reserved 1069056K
  class space    used 3022K, capacity 3222K, committed 3328K, reserved 1048576K

